<?xml version="1.0" encoding="UTF-8"?>
<!-- Generated by org.testng.reporters.JUnitReportReporter -->
<testsuite name="JenkinsTestGI.JenkinsTestAI.AppTest" tests="1" time="0.010" ignored="0" failures="0" timestamp="19 Sep 2021 16:59:14 GMT" skipped="0" hostname="DESKTOP-EOHIJ64" errors="0">
  <testcase name="firstTest" time="0.010" classname="JenkinsTestGI.JenkinsTestAI.AppTest"/>
</testsuite> <!-- JenkinsTestGI.JenkinsTestAI.AppTest -->
