<?xml version="1.0" encoding="UTF-8"?>
<!-- Generated by org.testng.reporters.JUnitReportReporter -->
<testsuite hostname="DESKTOP-EOHIJ64" name="JenkinsTestGI.JenkinsTestAI.AppTest" tests="1" failures="0" timestamp="19 Sep 2021 18:25:40 GMT" time="0.006" errors="0">
  <testcase name="firstTest" time="0.006" classname="JenkinsTestGI.JenkinsTestAI.AppTest"/>
</testsuite> <!-- JenkinsTestGI.JenkinsTestAI.AppTest -->
